<?xml version="1.0" encoding="UTF-8"?>
<!-- Generated by org.testng.reporters.JUnitXMLReporter -->
<testsuite ignored="0" hostname="PC_KANHAIYA" failures="0" tests="7" name="Accounts Page Test" time="14.433" errors="0" timestamp="22 Sep 2025 10:49:38 GMT">
  <testcase classname="com.qa.opencart.tests.AccountsPageTest" name="accPageHeadersCountTest" time="0.77"/>
  <testcase classname="com.qa.opencart.tests.AccountsPageTest" name="accPageHeadersTest" time="0.113"/>
  <testcase classname="com.qa.opencart.tests.AccountsPageTest" name="accPageTitleTest" time="0.017"/>
  <testcase classname="com.qa.opencart.tests.AccountsPageTest" name="logoutLinkExistTest" time="0.156"/>
  <testcase classname="com.qa.opencart.tests.AccountsPageTest" name="searchTest" time="1.09"/>
  <testcase classname="com.qa.opencart.tests.AccountsPageTest" name="searchTest" time="0.896"/>
  <testcase classname="com.qa.opencart.tests.AccountsPageTest" name="searchTest" time="1.08"/>
</testsuite> <!-- Accounts Page Test -->
