<?xml version="1.0" encoding="UTF-8"?>
<!-- Generated by org.testng.reporters.JUnitXMLReporter -->
<testsuite ignored="0" hostname="PC_KANHAIYA" failures="0" tests="4" name="Login Page Test" time="11.44" errors="0" timestamp="22 Sep 2025 10:49:35 GMT">
  <testcase classname="com.qa.opencart.tests.LoginPageTest" name="loginPageTitleTest" time="0.059"/>
  <testcase classname="com.qa.opencart.tests.LoginPageTest" name="loginPageURLTest" time="0.164"/>
  <testcase classname="com.qa.opencart.tests.LoginPageTest" name="isForgotPwdLinkExistTest" time="0.204"/>
  <testcase classname="com.qa.opencart.tests.LoginPageTest" name="loginTest" time="1.285"/>
</testsuite> <!-- Login Page Test -->
