<?xml version="1.0" encoding="UTF-8"?>
<!-- Generated by org.testng.reporters.JUnitXMLReporter -->
<testsuite ignored="0" hostname="PC_KANHAIYA" failures="0" tests="4" name="Default test" time="16.075" errors="0" timestamp="15 Sep 2025 05:22:28 GMT">
  <testcase classname="com.qa.opencart.tests.RegisterPageTest" name="userRegisterTest" time="2.587"/>
  <testcase classname="com.qa.opencart.tests.RegisterPageTest" name="userRegisterTest" time="2.407"/>
  <testcase classname="com.qa.opencart.tests.RegisterPageTest" name="userRegisterTest" time="2.405"/>
  <testcase classname="com.qa.opencart.tests.RegisterPageTest" name="userRegisterTest" time="2.098"/>
</testsuite> <!-- Default test -->
